F:\FACERECOGNITION\UNPACKERDLL\X64\DEBUG\UNPACKERDLL.OBJ
F:\FACERECOGNITION\UNPACKERDLL\X64\DEBUG\VC110.PDB
F:\FACERECOGNITION\X64\DEBUG\UNPACKERDLL.ILK
F:\FACERECOGNITION\X64\DEBUG\UNPACKERDLL.DLL
F:\FACERECOGNITION\X64\DEBUG\UNPACKERDLL.PDB
F:\FaceRecognition\x64\Debug\UnpackerDLL.lib
F:\FaceRecognition\x64\Debug\UnpackerDLL.exp
F:\FaceRecognition\UnpackerDLL\x64\Debug\UnpackerDLL.obj
F:\FaceRecognition\UnpackerDLL\x64\Debug\cl.command.1.tlog
F:\FaceRecognition\UnpackerDLL\x64\Debug\CL.read.1.tlog
F:\FaceRecognition\UnpackerDLL\x64\Debug\CL.write.1.tlog
F:\FaceRecognition\UnpackerDLL\x64\Debug\link-cvtres.read.1.tlog
F:\FaceRecognition\UnpackerDLL\x64\Debug\link-cvtres.write.1.tlog
F:\FaceRecognition\UnpackerDLL\x64\Debug\link-rc.read.1.tlog
F:\FaceRecognition\UnpackerDLL\x64\Debug\link-rc.write.1.tlog
F:\FaceRecognition\UnpackerDLL\x64\Debug\link.command.1.tlog
F:\FaceRecognition\UnpackerDLL\x64\Debug\link.read.1.tlog
F:\FaceRecognition\UnpackerDLL\x64\Debug\link.write.1.tlog
F:\FaceRecognition\UnpackerDLL\x64\Debug\UnpackerDLL.write.1.tlog
F:\FaceRecognition\UnpackerDLL\x64\Debug\vc110.idb
F:\FaceRecognition\UnpackerDLL\x64\Debug\vc110.pdb
F:\FaceRecognition\x64\Debug\UnpackerDLL.pdb
F:\FaceRecognition\x64\Debug\UnpackerDLL.dll
F:\FaceRecognition\x64\Debug\UnpackerDLL.ilk
