F:\FACERECOGNITION\UNPACKER\X64\DEBUG\UNPACKER.OBJ
F:\FACERECOGNITION\UNPACKER\X64\DEBUG\VC110.PDB
F:\FACERECOGNITION\X64\DEBUG\UNPACKER.ILK
F:\FACERECOGNITION\X64\DEBUG\UNPACKER.EXE
F:\FACERECOGNITION\X64\DEBUG\UNPACKER.PDB
F:\FaceRecognition\Unpacker\x64\Debug\Unpacker.obj
F:\FaceRecognition\Unpacker\x64\Debug\cl.command.1.tlog
F:\FaceRecognition\Unpacker\x64\Debug\CL.read.1.tlog
F:\FaceRecognition\Unpacker\x64\Debug\CL.write.1.tlog
F:\FaceRecognition\Unpacker\x64\Debug\link-cvtres.read.1.tlog
F:\FaceRecognition\Unpacker\x64\Debug\link-cvtres.write.1.tlog
F:\FaceRecognition\Unpacker\x64\Debug\link-rc.read.1.tlog
F:\FaceRecognition\Unpacker\x64\Debug\link-rc.write.1.tlog
F:\FaceRecognition\Unpacker\x64\Debug\link.command.1.tlog
F:\FaceRecognition\Unpacker\x64\Debug\link.read.1.tlog
F:\FaceRecognition\Unpacker\x64\Debug\link.write.1.tlog
F:\FaceRecognition\Unpacker\x64\Debug\vc110.idb
F:\FaceRecognition\Unpacker\x64\Debug\vc110.pdb
F:\FaceRecognition\x64\Debug\Unpacker.pdb
F:\FaceRecognition\x64\Debug\Unpacker.exe
F:\FaceRecognition\x64\Debug\Unpacker.ilk
