F:\FACERECOGNITION\PACKER\X64\DEBUG\PACKER.OBJ
F:\FACERECOGNITION\PACKER\X64\DEBUG\VC110.PDB
F:\FACERECOGNITION\X64\DEBUG\PACKER.ILK
F:\FACERECOGNITION\X64\DEBUG\PACKER.EXE
F:\FACERECOGNITION\X64\DEBUG\PACKER.PDB
F:\FaceRecognition\Packer\x64\Debug\Packer.obj
F:\FaceRecognition\Packer\x64\Debug\cl.command.1.tlog
F:\FaceRecognition\Packer\x64\Debug\CL.read.1.tlog
F:\FaceRecognition\Packer\x64\Debug\CL.write.1.tlog
F:\FaceRecognition\Packer\x64\Debug\link-cvtres.read.1.tlog
F:\FaceRecognition\Packer\x64\Debug\link-cvtres.write.1.tlog
F:\FaceRecognition\Packer\x64\Debug\link-rc.read.1.tlog
F:\FaceRecognition\Packer\x64\Debug\link-rc.write.1.tlog
F:\FaceRecognition\Packer\x64\Debug\link.command.1.tlog
F:\FaceRecognition\Packer\x64\Debug\link.read.1.tlog
F:\FaceRecognition\Packer\x64\Debug\link.write.1.tlog
F:\FaceRecognition\Packer\x64\Debug\vc110.idb
F:\FaceRecognition\Packer\x64\Debug\vc110.pdb
F:\FaceRecognition\x64\Debug\Packer.pdb
F:\FaceRecognition\x64\Debug\Packer.exe
F:\FaceRecognition\x64\Debug\Packer.ilk
