F:\FACERECOGNITION\PACKERDLL\X64\DEBUG\PACKERDLL.OBJ
F:\FACERECOGNITION\PACKERDLL\X64\DEBUG\VC110.PDB
F:\FACERECOGNITION\X64\DEBUG\PACKERDLL.ILK
F:\FACERECOGNITION\X64\DEBUG\PACKERDLL.DLL
F:\FACERECOGNITION\X64\DEBUG\PACKERDLL.PDB
F:\FaceRecognition\x64\Debug\PackerDLL.lib
F:\FaceRecognition\x64\Debug\PackerDLL.exp
F:\FaceRecognition\PackerDLL\x64\Debug\PackerDLL.obj
F:\FaceRecognition\PackerDLL\x64\Debug\cl.command.1.tlog
F:\FaceRecognition\PackerDLL\x64\Debug\CL.read.1.tlog
F:\FaceRecognition\PackerDLL\x64\Debug\CL.write.1.tlog
F:\FaceRecognition\PackerDLL\x64\Debug\link-cvtres.read.1.tlog
F:\FaceRecognition\PackerDLL\x64\Debug\link-cvtres.write.1.tlog
F:\FaceRecognition\PackerDLL\x64\Debug\link-rc.read.1.tlog
F:\FaceRecognition\PackerDLL\x64\Debug\link-rc.write.1.tlog
F:\FaceRecognition\PackerDLL\x64\Debug\link.command.1.tlog
F:\FaceRecognition\PackerDLL\x64\Debug\link.read.1.tlog
F:\FaceRecognition\PackerDLL\x64\Debug\link.write.1.tlog
F:\FaceRecognition\PackerDLL\x64\Debug\PackerDLL.write.1.tlog
F:\FaceRecognition\PackerDLL\x64\Debug\vc110.idb
F:\FaceRecognition\PackerDLL\x64\Debug\vc110.pdb
F:\FaceRecognition\x64\Debug\PackerDLL.pdb
F:\FaceRecognition\x64\Debug\PackerDLL.dll
F:\FaceRecognition\x64\Debug\PackerDLL.ilk
